1627340354.727551, Sending: $BPLOG,ACK,ON*1e

1627340354.727551, Sending: $BPLOG,ALL,ON*16

1627340354.729373, Sending: $BPSTS,185914.72,1,BWSI Autonomy OK*41

1627340355.732714, Sending: $BPSTS,185915.73,1,BWSI Autonomy OK*41

1627340356.7342129, Processing: $BFNVG,185913.73,4218.000000,N,07106.000000,W,0,10.0,1.0,45.0,0.0,0.0,185913.73*62
Interpreted as: {'position': (0, 0), 'latlon': (42.3, -71.1), 'heading': 45.0, 'depth': 1.0, 'altitude': 10.0, 'roll': 0.0, 'pitch': 0.0, 'last_fix_time': datetime.datetime(2021, 7, 26, 18, 59, 13), 'datum': (42.3, -71.1)}
1627340356.7342129, Processing: $BFNVG,185913.99,4218.000000,N,07106.000000,W,0,10.0,1.0,45.0,0.0,0.0,185913.99*62
Interpreted as: {'position': (0.0, 0.0), 'latlon': (42.3, -71.1), 'heading': 45.0, 'depth': 1.0, 'altitude': 10.0, 'roll': 0.0, 'pitch': 0.0, 'last_fix_time': datetime.datetime(2021, 7, 26, 18, 59, 13), 'datum': (42.3, -71.1)}
1627340356.7342129, Processing: $BFNVG,185914.24,4218.000000,N,07106.000000,W,0,10.0,1.0,45.0,0.0,0.0,185914.24*62
Interpreted as: {'position': (0.0, 0.0), 'latlon': (42.3, -71.1), 'heading': 45.0, 'depth': 1.0, 'altitude': 10.0, 'roll': 0.0, 'pitch': 0.0, 'last_fix_time': datetime.datetime(2021, 7, 26, 18, 59, 14), 'datum': (42.3, -71.1)}
1627340371.494528, Sending: $BPRMB,185931.49,,,,750,0,1*74
1627340372.495741, Sending: $BPSTS,185932.49,1,BWSI Autonomy OK*4d

1627340373.4969409, Processing: $BFNVG,185915.00,4218.000000,N,07106.000000,W,0,10.0,1.0,45.0,0.0,0.0,185915.00*62
Interpreted as: {'position': (0.0, 0.0), 'latlon': (42.3, -71.1), 'heading': 45.0, 'depth': 1.0, 'altitude': 10.0, 'roll': 0.0, 'pitch': 0.0, 'last_fix_time': datetime.datetime(2021, 7, 26, 18, 59, 15), 'datum': (42.3, -71.1)}
1627340373.4969409, Processing: $BFNVG,185915.26,4218.000000,N,07106.000000,W,0,10.0,1.0,45.0,0.0,0.0,185915.26*62
Interpreted as: {'position': (0.0, 0.0), 'latlon': (42.3, -71.1), 'heading': 45.0, 'depth': 1.0, 'altitude': 10.0, 'roll': 0.0, 'pitch': 0.0, 'last_fix_time': datetime.datetime(2021, 7, 26, 18, 59, 15), 'datum': (42.3, -71.1)}
1627340373.4969409, Processing: $BFNVG,185915.77,4218.000000,N,07106.000000,W,0,10.0,1.0,45.0,0.0,0.0,185915.77*62
Interpreted as: {'position': (0.0, 0.0), 'latlon': (42.3, -71.1), 'heading': 45.0, 'depth': 1.0, 'altitude': 10.0, 'roll': 0.0, 'pitch': 0.0, 'last_fix_time': datetime.datetime(2021, 7, 26, 18, 59, 15), 'datum': (42.3, -71.1)}
1627340373.4969409, Processing: $BFNVG,185916.02,4218.000000,N,07106.000000,W,0,10.0,1.0,45.0,0.0,0.0,185916.02*62
Interpreted as: {'position': (0.0, 0.0), 'latlon': (42.3, -71.1), 'heading': 45.0, 'depth': 1.0, 'altitude': 10.0, 'roll': 0.0, 'pitch': 0.0, 'last_fix_time': datetime.datetime(2021, 7, 26, 18, 59, 16), 'datum': (42.3, -71.1)}
1627340373.4969409, Processing: $BFNVG,185916.28,4218.000000,N,07106.000000,W,0,10.0,1.0,45.0,0.0,0.0,185916.28*62
Interpreted as: {'position': (0.0, 0.0), 'latlon': (42.3, -71.1), 'heading': 45.0, 'depth': 1.0, 'altitude': 10.0, 'roll': 0.0, 'pitch': 0.0, 'last_fix_time': datetime.datetime(2021, 7, 26, 18, 59, 16), 'datum': (42.3, -71.1)}
1627340373.4969409, Processing: $BFNVG,185916.53,4218.000000,N,07106.000000,W,0,10.0,1.0,45.0,0.0,0.0,185916.53*62
Interpreted as: {'position': (0.0, 0.0), 'latlon': (42.3, -71.1), 'heading': 45.0, 'depth': 1.0, 'altitude': 10.0, 'roll': 0.0, 'pitch': 0.0, 'last_fix_time': datetime.datetime(2021, 7, 26, 18, 59, 16), 'datum': (42.3, -71.1)}
1627340373.4969409, Processing: $BFNVG,185916.78,4218.000000,N,07106.000000,W,0,10.0,1.0,45.0,0.0,0.0,185916.78*62
Interpreted as: {'position': (0.0, 0.0), 'latlon': (42.3, -71.1), 'heading': 45.0, 'depth': 1.0, 'altitude': 10.0, 'roll': 0.0, 'pitch': 0.0, 'last_fix_time': datetime.datetime(2021, 7, 26, 18, 59, 16), 'datum': (42.3, -71.1)}
1627340373.4969409, Processing: $BFNVG,185917.04,4218.000000,N,07106.000000,W,0,10.0,1.0,45.0,0.0,0.0,185917.04*62
Interpreted as: {'position': (0.0, 0.0), 'latlon': (42.3, -71.1), 'heading': 45.0, 'depth': 1.0, 'altitude': 10.0, 'roll': 0.0, 'pitch': 0.0, 'last_fix_time': datetime.datetime(2021, 7, 26, 18, 59, 17), 'datum': (42.3, -71.1)}
1627340373.4969409, Processing: $BFNVG,185917.29,4218.000000,N,07106.000000,W,0,10.0,1.0,45.0,0.0,0.0,185917.29*62
Interpreted as: {'position': (0.0, 0.0), 'latlon': (42.3, -71.1), 'heading': 45.0, 'depth': 1.0, 'altitude': 10.0, 'roll': 0.0, 'pitch': 0.0, 'last_fix_time': datetime.datetime(2021, 7, 26, 18, 59, 17), 'datum': (42.3, -71.1)}
1627340373.4969409, Processing: $BFNVG,185917.55,4218.000000,N,07106.000000,W,0,10.0,1.0,45.0,0.0,0.0,185917.55*62
Interpreted as: {'position': (0.0, 0.0), 'latlon': (42.3, -71.1), 'heading': 45.0, 'depth': 1.0, 'altitude': 10.0, 'roll': 0.0, 'pitch': 0.0, 'last_fix_time': datetime.datetime(2021, 7, 26, 18, 59, 17), 'datum': (42.3, -71.1)}
1627340373.4969409, Processing: $BFNVG,185917.80,4218.000000,N,07106.000000,W,0,10.0,1.0,45.0,0.0,0.0,185917.80*62
Interpreted as: {'position': (0.0, 0.0), 'latlon': (42.3, -71.1), 'heading': 45.0, 'depth': 1.0, 'altitude': 10.0, 'roll': 0.0, 'pitch': 0.0, 'last_fix_time': datetime.datetime(2021, 7, 26, 18, 59, 17), 'datum': (42.3, -71.1)}
1627340373.4969409, Processing: $BFNVG,185918.06,4218.000000,N,07106.000000,W,0,10.0,1.0,45.0,0.0,0.0,185918.06*62
Interpreted as: {'position': (0.0, 0.0), 'latlon': (42.3, -71.1), 'heading': 45.0, 'depth': 1.0, 'altitude': 10.0, 'roll': 0.0, 'pitch': 0.0, 'last_fix_time': datetime.datetime(2021, 7, 26, 18, 59, 18), 'datum': (42.3, -71.1)}
1627340373.4969409, Processing: $BFNVG,185918.31,4218.000000,N,07106.000000,W,0,10.0,1.0,45.0,0.0,0.0,185918.31*62
Interpreted as: {'position': (0.0, 0.0), 'latlon': (42.3, -71.1), 'heading': 45.0, 'depth': 1.0, 'altitude': 10.0, 'roll': 0.0, 'pitch': 0.0, 'last_fix_time': datetime.datetime(2021, 7, 26, 18, 59, 18), 'datum': (42.3, -71.1)}
1627340374.817155, Sending: $BPRMB,185934.81,-0.0,,,750,0,1*76
1627340375.817903, Sending: $BPSTS,185935.81,1,BWSI Autonomy OK*4e

1627340376.818638, Processing: $BFNVG,185918.82,4218.000000,N,07106.000000,W,0,10.0,1.0,45.0,0.0,0.0,185918.82*62
Interpreted as: {'position': (0.0, 0.0), 'latlon': (42.3, -71.1), 'heading': 45.0, 'depth': 1.0, 'altitude': 10.0, 'roll': 0.0, 'pitch': 0.0, 'last_fix_time': datetime.datetime(2021, 7, 26, 18, 59, 18), 'datum': (42.3, -71.1)}
1627340376.818638, Processing: $BFNVG,185919.07,4218.000000,N,07106.000000,W,0,10.0,1.0,45.0,0.0,0.0,185919.07*62
Interpreted as: {'position': (0.0, 0.0), 'latlon': (42.3, -71.1), 'heading': 45.0, 'depth': 1.0, 'altitude': 10.0, 'roll': 0.0, 'pitch': 0.0, 'last_fix_time': datetime.datetime(2021, 7, 26, 18, 59, 19), 'datum': (42.3, -71.1)}
1627340376.818638, Processing: $BFNVG,185919.32,4218.000000,N,07106.000000,W,0,10.0,1.0,45.0,0.0,0.0,185919.32*62
Interpreted as: {'position': (0.0, 0.0), 'latlon': (42.3, -71.1), 'heading': 45.0, 'depth': 1.0, 'altitude': 10.0, 'roll': 0.0, 'pitch': 0.0, 'last_fix_time': datetime.datetime(2021, 7, 26, 18, 59, 19), 'datum': (42.3, -71.1)}
1627340376.818638, Processing: $BFNVG,185919.58,4218.000000,N,07106.000000,W,0,10.0,1.0,45.0,0.0,0.0,185919.58*62
Interpreted as: {'position': (0.0, 0.0), 'latlon': (42.3, -71.1), 'heading': 45.0, 'depth': 1.0, 'altitude': 10.0, 'roll': 0.0, 'pitch': 0.0, 'last_fix_time': datetime.datetime(2021, 7, 26, 18, 59, 19), 'datum': (42.3, -71.1)}
1627340376.818638, Processing: $BFNVG,185919.83,4218.000000,N,07106.000000,W,0,10.0,1.0,45.0,0.0,0.0,185919.83*62
Interpreted as: {'position': (0.0, 0.0), 'latlon': (42.3, -71.1), 'heading': 45.0, 'depth': 1.0, 'altitude': 10.0, 'roll': 0.0, 'pitch': 0.0, 'last_fix_time': datetime.datetime(2021, 7, 26, 18, 59, 19), 'datum': (42.3, -71.1)}
1627340376.818638, Processing: $BFNVG,185920.09,4218.000000,N,07106.000000,W,0,10.0,1.0,45.0,0.0,0.0,185920.09*62
Interpreted as: {'position': (0.0, 0.0), 'latlon': (42.3, -71.1), 'heading': 45.0, 'depth': 1.0, 'altitude': 10.0, 'roll': 0.0, 'pitch': 0.0, 'last_fix_time': datetime.datetime(2021, 7, 26, 18, 59, 20), 'datum': (42.3, -71.1)}
1627340376.818638, Processing: $BFNVG,185920.34,4218.000000,N,07106.000000,W,0,10.0,1.0,45.0,0.0,0.0,185920.34*62
Interpreted as: {'position': (0.0, 0.0), 'latlon': (42.3, -71.1), 'heading': 45.0, 'depth': 1.0, 'altitude': 10.0, 'roll': 0.0, 'pitch': 0.0, 'last_fix_time': datetime.datetime(2021, 7, 26, 18, 59, 20), 'datum': (42.3, -71.1)}
1627340376.818638, Processing: $BFNVG,185920.60,4218.000000,N,07106.000000,W,0,10.0,1.0,45.0,0.0,0.0,185920.60*62
Interpreted as: {'position': (0.0, 0.0), 'latlon': (42.3, -71.1), 'heading': 45.0, 'depth': 1.0, 'altitude': 10.0, 'roll': 0.0, 'pitch': 0.0, 'last_fix_time': datetime.datetime(2021, 7, 26, 18, 59, 20), 'datum': (42.3, -71.1)}
1627340376.818638, Processing: $BFNVG,185920.85,4218.000000,N,07106.000000,W,0,10.0,1.0,45.0,0.0,0.0,185920.85*62
Interpreted as: {'position': (0.0, 0.0), 'latlon': (42.3, -71.1), 'heading': 45.0, 'depth': 1.0, 'altitude': 10.0, 'roll': 0.0, 'pitch': 0.0, 'last_fix_time': datetime.datetime(2021, 7, 26, 18, 59, 20), 'datum': (42.3, -71.1)}
1627340376.818638, Processing: $BFNVG,185921.11,4218.000000,N,07106.000000,W,0,10.0,1.0,45.0,0.0,0.0,185921.11*62
Interpreted as: {'position': (0.0, 0.0), 'latlon': (42.3, -71.1), 'heading': 45.0, 'depth': 1.0, 'altitude': 10.0, 'roll': 0.0, 'pitch': 0.0, 'last_fix_time': datetime.datetime(2021, 7, 26, 18, 59, 21), 'datum': (42.3, -71.1)}
1627340376.818638, Processing: $BFNVG,185921.36,4218.000000,N,07106.000000,W,0,10.0,1.0,45.0,0.0,0.0,185921.36*62
Interpreted as: {'position': (0.0, 0.0), 'latlon': (42.3, -71.1), 'heading': 45.0, 'depth': 1.0, 'altitude': 10.0, 'roll': 0.0, 'pitch': 0.0, 'last_fix_time': datetime.datetime(2021, 7, 26, 18, 59, 21), 'datum': (42.3, -71.1)}
1627340376.818638, Processing: $BFNVG,185921.87,4218.000000,N,07106.000000,W,0,10.0,1.0,45.0,0.0,0.0,185921.87*62
Interpreted as: {'position': (0.0, 0.0), 'latlon': (42.3, -71.1), 'heading': 45.0, 'depth': 1.0, 'altitude': 10.0, 'roll': 0.0, 'pitch': 0.0, 'last_fix_time': datetime.datetime(2021, 7, 26, 18, 59, 21), 'datum': (42.3, -71.1)}
1627340376.818638, Processing: $BFNVG,185922.12,4218.000000,N,07106.000000,W,0,10.0,1.0,45.0,0.0,0.0,185922.12*62
Interpreted as: {'position': (0.0, 0.0), 'latlon': (42.3, -71.1), 'heading': 45.0, 'depth': 1.0, 'altitude': 10.0, 'roll': 0.0, 'pitch': 0.0, 'last_fix_time': datetime.datetime(2021, 7, 26, 18, 59, 22), 'datum': (42.3, -71.1)}
1627340376.818638, Processing: $BFNVG,185922.37,4218.000000,N,07106.000000,W,0,10.0,1.0,45.0,0.0,0.0,185922.37*62
Interpreted as: {'position': (0.0, 0.0), 'latlon': (42.3, -71.1), 'heading': 45.0, 'depth': 1.0, 'altitude': 10.0, 'roll': 0.0, 'pitch': 0.0, 'last_fix_time': datetime.datetime(2021, 7, 26, 18, 59, 22), 'datum': (42.3, -71.1)}
1627340376.818638, Processing: $BFNVG,185922.63,4218.000000,N,07106.000000,W,0,10.0,1.0,45.0,0.0,0.0,185922.63*62
Interpreted as: {'position': (0.0, 0.0), 'latlon': (42.3, -71.1), 'heading': 45.0, 'depth': 1.0, 'altitude': 10.0, 'roll': 0.0, 'pitch': 0.0, 'last_fix_time': datetime.datetime(2021, 7, 26, 18, 59, 22), 'datum': (42.3, -71.1)}
1627340376.818638, Processing: $BFNVG,185922.88,4218.000000,N,07106.000000,W,0,10.0,1.0,45.0,0.0,0.0,185922.88*62
Interpreted as: {'position': (0.0, 0.0), 'latlon': (42.3, -71.1), 'heading': 45.0, 'depth': 1.0, 'altitude': 10.0, 'roll': 0.0, 'pitch': 0.0, 'last_fix_time': datetime.datetime(2021, 7, 26, 18, 59, 22), 'datum': (42.3, -71.1)}
1627340376.818638, Processing: $BFNVG,185923.13,4218.000000,N,07106.000000,W,0,10.0,1.0,45.0,0.0,0.0,185923.13*62
Interpreted as: {'position': (0.0, 0.0), 'latlon': (42.3, -71.1), 'heading': 45.0, 'depth': 1.0, 'altitude': 10.0, 'roll': 0.0, 'pitch': 0.0, 'last_fix_time': datetime.datetime(2021, 7, 26, 18, 59, 23), 'datum': (42.3, -71.1)}
1627340376.818638, Processing: $BFNVG,185923.39,4218.000000,N,07106.000000,W,0,10.0,1.0,45.0,0.0,0.0,185923.39*62
Interpreted as: {'position': (0.0, 0.0), 'latlon': (42.3, -71.1), 'heading': 45.0, 'depth': 1.0, 'altitude': 10.0, 'roll': 0.0, 'pitch': 0.0, 'last_fix_time': datetime.datetime(2021, 7, 26, 18, 59, 23), 'datum': (42.3, -71.1)}
1627340376.818638, Processing: $BFNVG,185923.64,4218.000000,N,07106.000000,W,0,10.0,1.0,45.0,0.0,0.0,185923.64*62
Interpreted as: {'position': (0.0, 0.0), 'latlon': (42.3, -71.1), 'heading': 45.0, 'depth': 1.0, 'altitude': 10.0, 'roll': 0.0, 'pitch': 0.0, 'last_fix_time': datetime.datetime(2021, 7, 26, 18, 59, 23), 'datum': (42.3, -71.1)}
1627340376.818638, Processing: $BFNVG,185923.90,4218.000000,N,07106.000000,W,0,10.0,1.0,45.0,0.0,0.0,185923.90*62
Interpreted as: {'position': (0.0, 0.0), 'latlon': (42.3, -71.1), 'heading': 45.0, 'depth': 1.0, 'altitude': 10.0, 'roll': 0.0, 'pitch': 0.0, 'last_fix_time': datetime.datetime(2021, 7, 26, 18, 59, 23), 'datum': (42.3, -71.1)}
1627340376.818638, Processing: $BFNVG,185924.15,4218.000000,N,07106.000000,W,0,10.0,1.0,45.0,0.0,0.0,185924.15*62
Interpreted as: {'position': (0.0, 0.0), 'latlon': (42.3, -71.1), 'heading': 45.0, 'depth': 1.0, 'altitude': 10.0, 'roll': 0.0, 'pitch': 0.0, 'last_fix_time': datetime.datetime(2021, 7, 26, 18, 59, 24), 'datum': (42.3, -71.1)}
1627340376.818638, Processing: $BFNVG,185924.41,4218.000000,N,07106.000000,W,0,10.0,1.0,45.0,0.0,0.0,185924.41*62
Interpreted as: {'position': (0.0, 0.0), 'latlon': (42.3, -71.1), 'heading': 45.0, 'depth': 1.0, 'altitude': 10.0, 'roll': 0.0, 'pitch': 0.0, 'last_fix_time': datetime.datetime(2021, 7, 26, 18, 59, 24), 'datum': (42.3, -71.1)}
1627340376.818638, Processing: $BFNVG,185924.66,4218.000000,N,07106.000000,W,0,10.0,1.0,45.0,0.0,0.0,185924.66*62
Interpreted as: {'position': (0.0, 0.0), 'latlon': (42.3, -71.1), 'heading': 45.0, 'depth': 1.0, 'altitude': 10.0, 'roll': 0.0, 'pitch': 0.0, 'last_fix_time': datetime.datetime(2021, 7, 26, 18, 59, 24), 'datum': (42.3, -71.1)}
1627340378.595783, Sending: $BPRMB,185938.59,-0.0,,,750,0,1*7f
1627340379.596842, Sending: $BPSTS,185939.59,1,BWSI Autonomy OK*47

1627340380.597889, Processing: $BFNVG,185925.17,4218.000000,N,07106.000000,W,0,10.0,1.0,45.0,0.0,0.0,185925.17*62
Interpreted as: {'position': (0.0, 0.0), 'latlon': (42.3, -71.1), 'heading': 45.0, 'depth': 1.0, 'altitude': 10.0, 'roll': 0.0, 'pitch': 0.0, 'last_fix_time': datetime.datetime(2021, 7, 26, 18, 59, 25), 'datum': (42.3, -71.1)}
1627340380.597889, Processing: $BFNVG,185925.43,4218.000000,N,07106.000000,W,0,10.0,1.0,45.0,0.0,0.0,185925.43*62
Interpreted as: {'position': (0.0, 0.0), 'latlon': (42.3, -71.1), 'heading': 45.0, 'depth': 1.0, 'altitude': 10.0, 'roll': 0.0, 'pitch': 0.0, 'last_fix_time': datetime.datetime(2021, 7, 26, 18, 59, 25), 'datum': (42.3, -71.1)}
1627340380.597889, Processing: $BFNVG,185925.68,4218.000000,N,07106.000000,W,0,10.0,1.0,45.0,0.0,0.0,185925.68*62
Interpreted as: {'position': (0.0, 0.0), 'latlon': (42.3, -71.1), 'heading': 45.0, 'depth': 1.0, 'altitude': 10.0, 'roll': 0.0, 'pitch': 0.0, 'last_fix_time': datetime.datetime(2021, 7, 26, 18, 59, 25), 'datum': (42.3, -71.1)}
1627340380.597889, Processing: $BFNVG,185925.93,4218.000000,N,07106.000000,W,0,10.0,1.0,45.0,0.0,0.0,185925.93*62
Interpreted as: {'position': (0.0, 0.0), 'latlon': (42.3, -71.1), 'heading': 45.0, 'depth': 1.0, 'altitude': 10.0, 'roll': 0.0, 'pitch': 0.0, 'last_fix_time': datetime.datetime(2021, 7, 26, 18, 59, 25), 'datum': (42.3, -71.1)}
1627340380.597889, Processing: $BFNVG,185926.19,4218.000000,N,07106.000000,W,0,10.0,1.0,45.0,0.0,0.0,185926.19*62
Interpreted as: {'position': (0.0, 0.0), 'latlon': (42.3, -71.1), 'heading': 45.0, 'depth': 1.0, 'altitude': 10.0, 'roll': 0.0, 'pitch': 0.0, 'last_fix_time': datetime.datetime(2021, 7, 26, 18, 59, 26), 'datum': (42.3, -71.1)}
1627340380.597889, Processing: $BFNVG,185926.44,4218.000000,N,07106.000000,W,0,10.0,1.0,45.0,0.0,0.0,185926.44*62
Interpreted as: {'position': (0.0, 0.0), 'latlon': (42.3, -71.1), 'heading': 45.0, 'depth': 1.0, 'altitude': 10.0, 'roll': 0.0, 'pitch': 0.0, 'last_fix_time': datetime.datetime(2021, 7, 26, 18, 59, 26), 'datum': (42.3, -71.1)}
1627340380.597889, Processing: $BFNVG,185926.70,4218.000000,N,07106.000000,W,0,10.0,1.0,45.0,0.0,0.0,185926.70*62
Interpreted as: {'position': (0.0, 0.0), 'latlon': (42.3, -71.1), 'heading': 45.0, 'depth': 1.0, 'altitude': 10.0, 'roll': 0.0, 'pitch': 0.0, 'last_fix_time': datetime.datetime(2021, 7, 26, 18, 59, 26), 'datum': (42.3, -71.1)}
1627340380.597889, Processing: $BFNVG,185926.95,4218.000000,N,07106.000000,W,0,10.0,1.0,45.0,0.0,0.0,185926.95*62
Interpreted as: {'position': (0.0, 0.0), 'latlon': (42.3, -71.1), 'heading': 45.0, 'depth': 1.0, 'altitude': 10.0, 'roll': 0.0, 'pitch': 0.0, 'last_fix_time': datetime.datetime(2021, 7, 26, 18, 59, 26), 'datum': (42.3, -71.1)}
1627340380.597889, Processing: $BFNVG,185927.20,4218.000000,N,07106.000000,W,0,10.0,1.0,45.0,0.0,0.0,185927.20*62
Interpreted as: {'position': (0.0, 0.0), 'latlon': (42.3, -71.1), 'heading': 45.0, 'depth': 1.0, 'altitude': 10.0, 'roll': 0.0, 'pitch': 0.0, 'last_fix_time': datetime.datetime(2021, 7, 26, 18, 59, 27), 'datum': (42.3, -71.1)}
1627340380.597889, Processing: $BFNVG,185927.46,4218.000000,N,07106.000000,W,0,10.0,1.0,45.0,0.0,0.0,185927.46*62
Interpreted as: {'position': (0.0, 0.0), 'latlon': (42.3, -71.1), 'heading': 45.0, 'depth': 1.0, 'altitude': 10.0, 'roll': 0.0, 'pitch': 0.0, 'last_fix_time': datetime.datetime(2021, 7, 26, 18, 59, 27), 'datum': (42.3, -71.1)}
1627340380.597889, Processing: $BFNVG,185927.71,4218.000000,N,07106.000000,W,0,10.0,1.0,45.0,0.0,0.0,185927.71*62
Interpreted as: {'position': (0.0, 0.0), 'latlon': (42.3, -71.1), 'heading': 45.0, 'depth': 1.0, 'altitude': 10.0, 'roll': 0.0, 'pitch': 0.0, 'last_fix_time': datetime.datetime(2021, 7, 26, 18, 59, 27), 'datum': (42.3, -71.1)}
1627340380.597889, Processing: $BFNVG,185928.22,4218.000000,N,07106.000000,W,0,10.0,1.0,45.0,0.0,0.0,185928.22*62
Interpreted as: {'position': (0.0, 0.0), 'latlon': (42.3, -71.1), 'heading': 45.0, 'depth': 1.0, 'altitude': 10.0, 'roll': 0.0, 'pitch': 0.0, 'last_fix_time': datetime.datetime(2021, 7, 26, 18, 59, 28), 'datum': (42.3, -71.1)}
1627340380.597889, Processing: $BFNVG,185928.48,4218.000000,N,07106.000000,W,0,10.0,1.0,45.0,0.0,0.0,185928.48*62
Interpreted as: {'position': (0.0, 0.0), 'latlon': (42.3, -71.1), 'heading': 45.0, 'depth': 1.0, 'altitude': 10.0, 'roll': 0.0, 'pitch': 0.0, 'last_fix_time': datetime.datetime(2021, 7, 26, 18, 59, 28), 'datum': (42.3, -71.1)}
1627340380.597889, Processing: $BFNVG,185928.73,4218.000000,N,07106.000000,W,0,10.0,1.0,45.0,0.0,0.0,185928.73*62
Interpreted as: {'position': (0.0, 0.0), 'latlon': (42.3, -71.1), 'heading': 45.0, 'depth': 1.0, 'altitude': 10.0, 'roll': 0.0, 'pitch': 0.0, 'last_fix_time': datetime.datetime(2021, 7, 26, 18, 59, 28), 'datum': (42.3, -71.1)}
1627340380.597889, Processing: $BFNVG,185928.99,4218.000000,N,07106.000000,W,0,10.0,1.0,45.0,0.0,0.0,185928.99*62
Interpreted as: {'position': (0.0, 0.0), 'latlon': (42.3, -71.1), 'heading': 45.0, 'depth': 1.0, 'altitude': 10.0, 'roll': 0.0, 'pitch': 0.0, 'last_fix_time': datetime.datetime(2021, 7, 26, 18, 59, 28), 'datum': (42.3, -71.1)}
1627340380.597889, Processing: $BFNVG,185929.24,4218.000000,N,07106.000000,W,0,10.0,1.0,45.0,0.0,0.0,185929.24*62
Interpreted as: {'position': (0.0, 0.0), 'latlon': (42.3, -71.1), 'heading': 45.0, 'depth': 1.0, 'altitude': 10.0, 'roll': 0.0, 'pitch': 0.0, 'last_fix_time': datetime.datetime(2021, 7, 26, 18, 59, 29), 'datum': (42.3, -71.1)}
1627340380.597889, Processing: $BFNVG,185929.50,4218.000000,N,07106.000000,W,0,10.0,1.0,45.0,0.0,0.0,185929.50*62
Interpreted as: {'position': (0.0, 0.0), 'latlon': (42.3, -71.1), 'heading': 45.0, 'depth': 1.0, 'altitude': 10.0, 'roll': 0.0, 'pitch': 0.0, 'last_fix_time': datetime.datetime(2021, 7, 26, 18, 59, 29), 'datum': (42.3, -71.1)}
1627340380.597889, Processing: $BFNVG,185929.75,4218.000000,N,07106.000000,W,0,10.0,1.0,45.0,0.0,0.0,185929.75*62
Interpreted as: {'position': (0.0, 0.0), 'latlon': (42.3, -71.1), 'heading': 45.0, 'depth': 1.0, 'altitude': 10.0, 'roll': 0.0, 'pitch': 0.0, 'last_fix_time': datetime.datetime(2021, 7, 26, 18, 59, 29), 'datum': (42.3, -71.1)}
1627340380.597889, Processing: $BFNVG,185930.01,4218.000000,N,07106.000000,W,0,10.0,1.0,45.0,0.0,0.0,185930.01*62
Interpreted as: {'position': (0.0, 0.0), 'latlon': (42.3, -71.1), 'heading': 45.0, 'depth': 1.0, 'altitude': 10.0, 'roll': 0.0, 'pitch': 0.0, 'last_fix_time': datetime.datetime(2021, 7, 26, 18, 59, 30), 'datum': (42.3, -71.1)}
1627340380.597889, Processing: $BFNVG,185930.26,4218.000000,N,07106.000000,W,0,10.0,1.0,45.0,0.0,0.0,185930.26*62
Interpreted as: {'position': (0.0, 0.0), 'latlon': (42.3, -71.1), 'heading': 45.0, 'depth': 1.0, 'altitude': 10.0, 'roll': 0.0, 'pitch': 0.0, 'last_fix_time': datetime.datetime(2021, 7, 26, 18, 59, 30), 'datum': (42.3, -71.1)}
1627340380.597889, Processing: $BFNVG,185930.51,4218.000000,N,07106.000000,W,0,10.0,1.0,45.0,0.0,0.0,185930.51*62
Interpreted as: {'position': (0.0, 0.0), 'latlon': (42.3, -71.1), 'heading': 45.0, 'depth': 1.0, 'altitude': 10.0, 'roll': 0.0, 'pitch': 0.0, 'last_fix_time': datetime.datetime(2021, 7, 26, 18, 59, 30), 'datum': (42.3, -71.1)}
1627340380.597889, Processing: $BFNVG,185930.77,4218.000000,N,07106.000000,W,0,10.0,1.0,45.0,0.0,0.0,185930.77*62
Interpreted as: {'position': (0.0, 0.0), 'latlon': (42.3, -71.1), 'heading': 45.0, 'depth': 1.0, 'altitude': 10.0, 'roll': 0.0, 'pitch': 0.0, 'last_fix_time': datetime.datetime(2021, 7, 26, 18, 59, 30), 'datum': (42.3, -71.1)}
1627340383.111365, Sending: $BPRMB,185943.11,-0.0,,,750,0,1*7f
1627340384.112208, Sending: $BPSTS,185944.11,1,BWSI Autonomy OK*41

1627340385.1130397, Processing: $BFNVG,185931.27,4218.000000,N,07106.000000,W,0,10.0,1.0,45.0,0.0,0.0,185931.27*62
Interpreted as: {'position': (0.0, 0.0), 'latlon': (42.3, -71.1), 'heading': 45.0, 'depth': 1.0, 'altitude': 10.0, 'roll': 0.0, 'pitch': 0.0, 'last_fix_time': datetime.datetime(2021, 7, 26, 18, 59, 31), 'datum': (42.3, -71.1)}
1627340385.1130397, Processing: $BFNVG,185931.53,4218.000000,N,07106.000000,W,0,10.0,1.0,45.0,0.0,0.0,185931.53*62
Interpreted as: {'position': (0.0, 0.0), 'latlon': (42.3, -71.1), 'heading': 45.0, 'depth': 1.0, 'altitude': 10.0, 'roll': 0.0, 'pitch': 0.0, 'last_fix_time': datetime.datetime(2021, 7, 26, 18, 59, 31), 'datum': (42.3, -71.1)}
1627340385.1130397, Processing: $BFNVG,185931.78,4218.000077,N,07105.999901,W,0,10.0,1.0,45.0,0.0,0.0,185931.78*60
Interpreted as: {'position': (0.1395308510400355, 0.1391470804810524), 'latlon': (42.30000128333333, -71.09999835), 'heading': 45.0, 'depth': 1.0, 'altitude': 10.0, 'roll': 0.0, 'pitch': 0.0, 'last_fix_time': datetime.datetime(2021, 7, 26, 18, 59, 31), 'datum': (42.3, -71.1)}
1627340385.1130397, Processing: $BFNVG,185932.04,4218.000153,N,07105.999803,W,0,10.0,1.0,45.0,0.0,0.0,185932.04*64
Interpreted as: {'position': (0.27764214703347534, 0.2764773713424802), 'latlon': (42.30000255, -71.09999671666667), 'heading': 45.0, 'depth': 1.0, 'altitude': 10.0, 'roll': 0.0, 'pitch': 0.0, 'last_fix_time': datetime.datetime(2021, 7, 26, 18, 59, 32), 'datum': (42.3, -71.1)}
1627340385.1130397, Processing: $BFNVG,185932.29,4218.000230,N,07105.999705,W,0,10.0,1.0,45.0,0.0,0.0,185932.29*6B
Interpreted as: {'position': (0.4157991053070873, 0.4156583622097969), 'latlon': (42.300003833333335, -71.09999508333334), 'heading': 45.0, 'depth': 1.0, 'altitude': 10.0, 'roll': 0.0, 'pitch': 0.0, 'last_fix_time': datetime.datetime(2021, 7, 26, 18, 59, 32), 'datum': (42.3, -71.1)}
1627340385.1130397, Processing: $BFNVG,185932.55,4218.000307,N,07105.999606,W,0,10.0,1.0,45.0,0.0,0.0,185932.55*6C
Interpreted as: {'position': (0.5553299421444535, 0.5548054492101073), 'latlon': (42.30000511666667, -71.09999343333334), 'heading': 45.0, 'depth': 1.0, 'altitude': 10.0, 'roll': 0.0, 'pitch': 0.0, 'last_fix_time': datetime.datetime(2021, 7, 26, 18, 59, 32), 'datum': (42.3, -71.1)}
1627340385.1130397, Processing: $BFNVG,185932.80,4218.000384,N,07105.999507,W,0,10.0,1.0,45.0,0.0,0.0,185932.80*65
Interpreted as: {'position': (0.6948607735102996, 0.6939525390043855), 'latlon': (42.3000064, -71.09999178333334), 'heading': 45.0, 'depth': 1.0, 'altitude': 10.0, 'roll': 0.0, 'pitch': 0.0, 'last_fix_time': datetime.datetime(2021, 7, 26, 18, 59, 32), 'datum': (42.3, -71.1)}
1627340385.1130397, Processing: $BFNVG,185933.06,4218.000461,N,07105.999409,W,0,10.0,1.0,45.0,0.0,0.0,185933.06*66
Interpreted as: {'position': (0.8330177176976576, 0.8331335373222828), 'latlon': (42.300007683333334, -71.09999015), 'heading': 45.0, 'depth': 1.0, 'altitude': 10.0, 'roll': 0.0, 'pitch': 0.0, 'last_fix_time': datetime.datetime(2021, 7, 26, 18, 59, 33), 'datum': (42.3, -71.1)}
1627340385.1130397, Processing: $BFNVG,185933.31,4218.000538,N,07105.999310,W,0,10.0,1.0,45.0,0.0,0.0,185933.31*64
Interpreted as: {'position': (0.9725485360249877, 0.9722806308418512), 'latlon': (42.30000896666667, -71.0999885), 'heading': 45.0, 'depth': 1.0, 'altitude': 10.0, 'roll': 0.0, 'pitch': 0.0, 'last_fix_time': datetime.datetime(2021, 7, 26, 18, 59, 33), 'datum': (42.3, -71.1)}
1627340385.1130397, Processing: $BFNVG,185933.57,4218.000615,N,07105.999211,W,0,10.0,1.0,45.0,0.0,0.0,185933.57*68
Interpreted as: {'position': (1.1120793510926887, 1.1114277290180326), 'latlon': (42.30001025, -71.09998685), 'heading': 45.0, 'depth': 1.0, 'altitude': 10.0, 'roll': 0.0, 'pitch': 0.0, 'last_fix_time': datetime.datetime(2021, 7, 26, 18, 59, 33), 'datum': (42.3, -71.1)}
1627340385.1130397, Processing: $BFNVG,185933.82,4218.000692,N,07105.999112,W,0,10.0,1.0,45.0,0.0,0.0,185933.82*67
Interpreted as: {'position': (1.2516101585351862, 1.2505748299881816), 'latlon': (42.30001153333333, -71.0999852), 'heading': 45.0, 'depth': 1.0, 'altitude': 10.0, 'roll': 0.0, 'pitch': 0.0, 'last_fix_time': datetime.datetime(2021, 7, 26, 18, 59, 33), 'datum': (42.3, -71.1)}
1627340385.1130397, Processing: $BFNVG,185934.07,4218.000769,N,07105.999014,W,0,10.0,1.0,45.0,0.0,0.0,185934.07*65
Interpreted as: {'position': (1.3897670810110867, 1.3897558385506272), 'latlon': (42.300012816666666, -71.09998356666667), 'heading': 45.0, 'depth': 1.0, 'altitude': 10.0, 'roll': 0.0, 'pitch': 0.0, 'last_fix_time': datetime.datetime(2021, 7, 26, 18, 59, 34), 'datum': (42.3, -71.1)}
1627340385.1130397, Processing: $BFNVG,185934.58,4218.000922,N,07105.998817,W,0,10.0,1.0,45.0,0.0,0.0,185934.58*6E
Interpreted as: {'position': (1.6674091196618974, 1.6662332592532039), 'latlon': (42.30001536666666, -71.09998028333334), 'heading': 45.0, 'depth': 1.0, 'altitude': 10.0, 'roll': 0.0, 'pitch': 0.0, 'last_fix_time': datetime.datetime(2021, 7, 26, 18, 59, 34), 'datum': (42.3, -71.1)}
1627340385.1130397, Processing: $BFNVG,185934.84,4218.000999,N,07105.998719,W,0,10.0,1.0,45.0,0.0,0.0,185934.84*6F
Interpreted as: {'position': (1.8055660281097516, 1.8054142761975527), 'latlon': (42.30001665, -71.09997865), 'heading': 45.0, 'depth': 1.0, 'altitude': 10.0, 'roll': 0.0, 'pitch': 0.0, 'last_fix_time': datetime.datetime(2021, 7, 26, 18, 59, 34), 'datum': (42.3, -71.1)}
1627340385.1130397, Processing: $BFNVG,185935.09,4218.001076,N,07105.998620,W,0,10.0,1.0,45.0,0.0,0.0,185935.09*6D
Interpreted as: {'position': (1.9450968083692715, 1.9445613892748952), 'latlon': (42.300017933333336, -71.099977), 'heading': 45.0, 'depth': 1.0, 'altitude': 10.0, 'roll': 0.0, 'pitch': 0.0, 'last_fix_time': datetime.datetime(2021, 7, 26, 18, 59, 35), 'datum': (42.3, -71.1)}
1627340385.1130397, Processing: $BFNVG,185935.35,4218.001153,N,07105.998522,W,0,10.0,1.0,45.0,0.0,0.0,185935.35*6A
Interpreted as: {'position': (2.0832537058740854, 2.0837424090132117), 'latlon': (42.30001921666667, -71.09997536666667), 'heading': 45.0, 'depth': 1.0, 'altitude': 10.0, 'roll': 0.0, 'pitch': 0.0, 'last_fix_time': datetime.datetime(2021, 7, 26, 18, 59, 35), 'datum': (42.3, -71.1)}
1627340385.1130397, Processing: $BFNVG,185935.60,4218.001230,N,07105.998423,W,0,10.0,1.0,45.0,0.0,0.0,185935.60*6C
Interpreted as: {'position': (2.2227844753069803, 2.2228895286098123), 'latlon': (42.3000205, -71.09997371666667), 'heading': 45.0, 'depth': 1.0, 'altitude': 10.0, 'roll': 0.0, 'pitch': 0.0, 'last_fix_time': datetime.datetime(2021, 7, 26, 18, 59, 35), 'datum': (42.3, -71.1)}
1627340385.1130397, Processing: $BFNVG,185935.85,4218.001306,N,07105.998325,W,0,10.0,1.0,45.0,0.0,0.0,185935.85*69
Interpreted as: {'position': (2.3608956883545034, 2.3602198595181108), 'latlon': (42.30002176666667, -71.09997208333333), 'heading': 45.0, 'depth': 1.0, 'altitude': 10.0, 'roll': 0.0, 'pitch': 0.0, 'last_fix_time': datetime.datetime(2021, 7, 26, 18, 59, 35), 'datum': (42.3, -71.1)}
1627340385.1130397, Processing: $BFNVG,185936.11,4218.001383,N,07105.998227,W,0,10.0,1.0,45.0,0.0,0.0,185936.11*67
Interpreted as: {'position': (2.4990525697357953, 2.499400888569653), 'latlon': (42.30002305, -71.09997045), 'heading': 45.0, 'depth': 1.0, 'altitude': 10.0, 'roll': 0.0, 'pitch': 0.0, 'last_fix_time': datetime.datetime(2021, 7, 26, 18, 59, 36), 'datum': (42.3, -71.1)}
1627340385.1130397, Processing: $BFNVG,185936.36,4218.001460,N,07105.998128,W,0,10.0,1.0,45.0,0.0,0.0,185936.36*61
Interpreted as: {'position': (2.638583322870545, 2.6385480146855116), 'latlon': (42.30002433333333, -71.0999688), 'heading': 45.0, 'depth': 1.0, 'altitude': 10.0, 'roll': 0.0, 'pitch': 0.0, 'last_fix_time': datetime.datetime(2021, 7, 26, 18, 59, 36), 'datum': (42.3, -71.1)}
1627340385.1130397, Processing: $BFNVG,185936.62,4218.001537,N,07105.998029,W,0,10.0,1.0,45.0,0.0,0.0,185936.62*62
Interpreted as: {'position': (2.778114070533775, 2.777695143595338), 'latlon': (42.300025616666666, -71.09996715), 'heading': 45.0, 'depth': 1.0, 'altitude': 10.0, 'roll': 0.0, 'pitch': 0.0, 'last_fix_time': datetime.datetime(2021, 7, 26, 18, 59, 36), 'datum': (42.3, -71.1)}
1627340385.1130397, Processing: $BFNVG,185936.87,4218.001614,N,07105.997931,W,0,10.0,1.0,45.0,0.0,0.0,185936.87*6F
Interpreted as: {'position': (2.916270935558714, 2.916876179166138), 'latlon': (42.3000269, -71.09996551666667), 'heading': 45.0, 'depth': 1.0, 'altitude': 10.0, 'roll': 0.0, 'pitch': 0.0, 'last_fix_time': datetime.datetime(2021, 7, 26, 18, 59, 36), 'datum': (42.3, -71.1)}
1627340385.1130397, Processing: $BFNVG,185937.13,4218.001691,N,07105.997832,W,0,10.0,1.0,45.0,0.0,0.0,185937.13*60
Interpreted as: {'position': (3.055801672337111, 3.056023315526545), 'latlon': (42.30002818333333, -71.09996386666667), 'heading': 45.0, 'depth': 1.0, 'altitude': 10.0, 'roll': 0.0, 'pitch': 0.0, 'last_fix_time': datetime.datetime(2021, 7, 26, 18, 59, 37), 'datum': (42.3, -71.1)}
